# JRE version: OpenJDK Runtime Environment (11.0.12+7) (build 11.0.12+7-b1504.28-7817840)
# Java VM: OpenJDK 64-Bit Server VM (11.0.12+7-b1504.28-7817840, mixed mode, tiered, compressed oops, g1 gc, windows-amd64)
Heap:
 garbage-first heap   total 225280K, used 185714K [0x0000000080000000, 0x0000000100000000)
  region size 1024K, 67 young (68608K), 6 survivors (6144K)
 Metaspace       used 98669K, capacity 101142K, committed 101836K, reserved 1136640K
  class space    used 12665K, capacity 13586K, committed 13824K, reserved 1048576K
GC Heap History (20 events):
Event: 11.580 GC heap before
{Heap before GC invocations=18 (full 0):
 garbage-first heap   total 187392K, used 140975K [0x0000000080000000, 0x0000000100000000)
  region size 1024K, 75 young (76800K), 6 survivors (6144K)
 Metaspace       used 82564K, capacity 84497K, committed 84684K, reserved 1122304K
  class space    used 10742K, capacity 11471K, committed 11520K, reserved 1048576K
}
Event: 11.589 GC heap after
{Heap after GC invocations=19 (full 0):
 garbage-first heap   total 187392K, used 75162K [0x0000000080000000, 0x0000000100000000)
  region size 1024K, 10 young (10240K), 10 survivors (10240K)
 Metaspace       used 82564K, capacity 84497K, committed 84684K, reserved 1122304K
  class space    used 10742K, capacity 11471K, committed 11520K, reserved 1048576K
}
Event: 12.534 GC heap before
{Heap before GC invocations=19 (full 0):
 garbage-first heap   total 187392K, used 144794K [0x0000000080000000, 0x0000000100000000)
  region size 1024K, 78 young (79872K), 10 survivors (10240K)
 Metaspace       used 86203K, capacity 88316K, committed 88524K, reserved 1126400K
  class space    used 11218K, capacity 11998K, committed 12032K, reserved 1048576K
}
Event: 12.546 GC heap after
{Heap after GC invocations=20 (full 0):
 garbage-first heap   total 187392K, used 80918K [0x0000000080000000, 0x0000000100000000)
  region size 1024K, 7 young (7168K), 7 survivors (7168K)
 Metaspace       used 86203K, capacity 88316K, committed 88524K, reserved 1126400K
  class space    used 11218K, capacity 11998K, committed 12032K, reserved 1048576K
}
Event: 13.137 GC heap before
{Heap before GC invocations=20 (full 0):
 garbage-first heap   total 187392K, used 146454K [0x0000000080000000, 0x0000000100000000)
  region size 1024K, 72 young (73728K), 7 survivors (7168K)
 Metaspace       used 87314K, capacity 89680K, committed 89932K, reserved 1126400K
  class space    used 11406K, capacity 12300K, committed 12416K, reserved 1048576K
}
Event: 13.146 GC heap after
{Heap after GC invocations=21 (full 0):
 garbage-first heap   total 187392K, used 85830K [0x0000000080000000, 0x0000000100000000)
  region size 1024K, 5 young (5120K), 5 survivors (5120K)
 Metaspace       used 87314K, capacity 89680K, committed 89932K, reserved 1126400K
  class space    used 11406K, capacity 12300K, committed 12416K, reserved 1048576K
}
Event: 13.814 GC heap before
{Heap before GC invocations=21 (full 0):
 garbage-first heap   total 187392K, used 149318K [0x0000000080000000, 0x0000000100000000)
  region size 1024K, 68 young (69632K), 5 survivors (5120K)
 Metaspace       used 89073K, capacity 91588K, committed 91724K, reserved 1128448K
  class space    used 11646K, capacity 12604K, committed 12672K, reserved 1048576K
}
Event: 13.824 GC heap after
{Heap after GC invocations=22 (full 0):
 garbage-first heap   total 187392K, used 90704K [0x0000000080000000, 0x0000000100000000)
  region size 1024K, 9 young (9216K), 9 survivors (9216K)
 Metaspace       used 89073K, capacity 91588K, committed 91724K, reserved 1128448K
  class space    used 11646K, capacity 12604K, committed 12672K, reserved 1048576K
}
Event: 14.352 GC heap before
{Heap before GC invocations=22 (full 0):
 garbage-first heap   total 187392K, used 152144K [0x0000000080000000, 0x0000000100000000)
  region size 1024K, 69 young (70656K), 9 survivors (9216K)
 Metaspace       used 89630K, capacity 92201K, committed 92236K, reserved 1128448K
  class space    used 11690K, capacity 12661K, committed 12672K, reserved 1048576K
}
Event: 14.364 GC heap after
{Heap after GC invocations=23 (full 0):
 garbage-first heap   total 187392K, used 96169K [0x0000000080000000, 0x0000000100000000)
  region size 1024K, 6 young (6144K), 6 survivors (6144K)
 Metaspace       used 89630K, capacity 92201K, committed 92236K, reserved 1128448K
  class space    used 11690K, capacity 12661K, committed 12672K, reserved 1048576K
}
Event: 15.090 GC heap before
{Heap before GC invocations=23 (full 0):
 garbage-first heap   total 187392K, used 152489K [0x0000000080000000, 0x0000000100000000)
  region size 1024K, 62 young (63488K), 6 survivors (6144K)
 Metaspace       used 93290K, capacity 95868K, committed 96076K, reserved 1132544K
  class space    used 12103K, capacity 13087K, committed 13184K, reserved 1048576K
}
Event: 15.098 GC heap after
{Heap after GC invocations=24 (full 0):
 garbage-first heap   total 187392K, used 97510K [0x0000000080000000, 0x0000000100000000)
  region size 1024K, 2 young (2048K), 2 survivors (2048K)
 Metaspace       used 93290K, capacity 95868K, committed 96076K, reserved 1132544K
  class space    used 12103K, capacity 13087K, committed 13184K, reserved 1048576K
}
Event: 15.858 GC heap before
{Heap before GC invocations=25 (full 0):
 garbage-first heap   total 187392K, used 154854K [0x0000000080000000, 0x0000000100000000)
  region size 1024K, 59 young (60416K), 2 survivors (2048K)
 Metaspace       used 95447K, capacity 97834K, committed 98636K, reserved 1134592K
  class space    used 12281K, capacity 13173K, committed 13440K, reserved 1048576K
}
Event: 15.866 GC heap after
{Heap after GC invocations=26 (full 0):
 garbage-first heap   total 187392K, used 100973K [0x0000000080000000, 0x0000000100000000)
  region size 1024K, 5 young (5120K), 5 survivors (5120K)
 Metaspace       used 95447K, capacity 97834K, committed 98636K, reserved 1134592K
  class space    used 12281K, capacity 13173K, committed 13440K, reserved 1048576K
}
Event: 16.747 GC heap before
{Heap before GC invocations=26 (full 0):
 garbage-first heap   total 187392K, used 155245K [0x0000000080000000, 0x0000000100000000)
  region size 1024K, 59 young (60416K), 5 survivors (5120K)
 Metaspace       used 97901K, capacity 100276K, committed 101196K, reserved 1136640K
  class space    used 12560K, capacity 13450K, committed 13696K, reserved 1048576K
}
Event: 16.757 GC heap after
{Heap after GC invocations=27 (full 0):
 garbage-first heap   total 187392K, used 105472K [0x0000000080000000, 0x0000000100000000)
  region size 1024K, 8 young (8192K), 8 survivors (8192K)
 Metaspace       used 97901K, capacity 100276K, committed 101196K, reserved 1136640K
  class space    used 12560K, capacity 13450K, committed 13696K, reserved 1048576K
}
Event: 17.434 GC heap before
{Heap before GC invocations=28 (full 0):
 garbage-first heap   total 187392K, used 155648K [0x0000000080000000, 0x0000000100000000)
  region size 1024K, 58 young (59392K), 8 survivors (8192K)
 Metaspace       used 98060K, capacity 100416K, committed 101196K, reserved 1136640K
  class space    used 12571K, capacity 13450K, committed 13696K, reserved 1048576K
}
Event: 17.445 GC heap after
{Heap after GC invocations=29 (full 0):
 garbage-first heap   total 187392K, used 108809K [0x0000000080000000, 0x0000000100000000)
  region size 1024K, 4 young (4096K), 4 survivors (4096K)
 Metaspace       used 98060K, capacity 100416K, committed 101196K, reserved 1136640K
  class space    used 12571K, capacity 13450K, committed 13696K, reserved 1048576K
}
Event: 17.720 GC heap before
{Heap before GC invocations=29 (full 0):
 garbage-first heap   total 187392K, used 147721K [0x0000000080000000, 0x0000000100000000)
  region size 1024K, 44 young (45056K), 4 survivors (4096K)
 Metaspace       used 98267K, capacity 100667K, committed 101580K, reserved 1136640K
  class space    used 12603K, capacity 13532K, committed 13824K, reserved 1048576K
}
Event: 17.731 GC heap after
{Heap after GC invocations=30 (full 0):
 garbage-first heap   total 225280K, used 110962K [0x0000000080000000, 0x0000000100000000)
  region size 1024K, 6 young (6144K), 6 survivors (6144K)
 Metaspace       used 98267K, capacity 100667K, committed 101580K, reserved 1136640K
  class space    used 12603K, capacity 13532K, committed 13824K, reserved 1048576K
}

