# JRE version: OpenJDK Runtime Environment (11.0.12+7) (build 11.0.12+7-b1504.28-7817840)
# Java VM: OpenJDK 64-Bit Server VM (11.0.12+7-b1504.28-7817840, mixed mode, tiered, compressed oops, g1 gc, windows-amd64)
Heap:
 garbage-first heap   total 187392K, used 119595K [0x0000000080000000, 0x0000000100000000)
  region size 1024K, 55 young (56320K), 10 survivors (10240K)
 Metaspace       used 84867K, capacity 86884K, committed 87040K, reserved 1124352K
  class space    used 11032K, capacity 11790K, committed 11852K, reserved 1048576K
GC Heap History (20 events):
Event: 3.780 GC heap before
{Heap before GC invocations=6 (full 0):
 garbage-first heap   total 129024K, used 76885K [0x0000000080000000, 0x0000000100000000)
  region size 1024K, 59 young (60416K), 3 survivors (3072K)
 Metaspace       used 34542K, capacity 35304K, committed 35584K, reserved 1079296K
  class space    used 4499K, capacity 4807K, committed 4864K, reserved 1048576K
}
Event: 3.786 GC heap after
{Heap after GC invocations=7 (full 0):
 garbage-first heap   total 129024K, used 22936K [0x0000000080000000, 0x0000000100000000)
  region size 1024K, 7 young (7168K), 7 survivors (7168K)
 Metaspace       used 34542K, capacity 35304K, committed 35584K, reserved 1079296K
  class space    used 4499K, capacity 4807K, committed 4864K, reserved 1048576K
}
Event: 3.829 GC heap before
{Heap before GC invocations=7 (full 0):
 garbage-first heap   total 129024K, used 24984K [0x0000000080000000, 0x0000000100000000)
  region size 1024K, 10 young (10240K), 7 survivors (7168K)
 Metaspace       used 35027K, capacity 35790K, committed 35840K, reserved 1081344K
  class space    used 4564K, capacity 4863K, committed 4864K, reserved 1048576K
}
Event: 3.837 GC heap after
{Heap after GC invocations=8 (full 0):
 garbage-first heap   total 129024K, used 23631K [0x0000000080000000, 0x0000000100000000)
  region size 1024K, 5 young (5120K), 5 survivors (5120K)
 Metaspace       used 35027K, capacity 35790K, committed 35840K, reserved 1081344K
  class space    used 4564K, capacity 4863K, committed 4864K, reserved 1048576K
}
Event: 4.487 GC heap before
{Heap before GC invocations=9 (full 0):
 garbage-first heap   total 129024K, used 86095K [0x0000000080000000, 0x0000000100000000)
  region size 1024K, 64 young (65536K), 5 survivors (5120K)
 Metaspace       used 39450K, capacity 40323K, committed 40524K, reserved 1085440K
  class space    used 5057K, capacity 5388K, committed 5452K, reserved 1048576K
}
Event: 4.496 GC heap after
{Heap after GC invocations=10 (full 0):
 garbage-first heap   total 155648K, used 28119K [0x0000000080000000, 0x0000000100000000)
  region size 1024K, 8 young (8192K), 8 survivors (8192K)
 Metaspace       used 39450K, capacity 40323K, committed 40524K, reserved 1085440K
  class space    used 5057K, capacity 5388K, committed 5452K, reserved 1048576K
}
Event: 5.685 GC heap before
{Heap before GC invocations=10 (full 0):
 garbage-first heap   total 155648K, used 113111K [0x0000000080000000, 0x0000000100000000)
  region size 1024K, 91 young (93184K), 8 survivors (8192K)
 Metaspace       used 46533K, capacity 47777K, committed 47948K, reserved 1091584K
  class space    used 5965K, capacity 6437K, committed 6476K, reserved 1048576K
}
Event: 5.695 GC heap after
{Heap after GC invocations=11 (full 0):
 garbage-first heap   total 155648K, used 32380K [0x0000000080000000, 0x0000000100000000)
  region size 1024K, 9 young (9216K), 9 survivors (9216K)
 Metaspace       used 46533K, capacity 47777K, committed 47948K, reserved 1091584K
  class space    used 5965K, capacity 6437K, committed 6476K, reserved 1048576K
}
Event: 6.927 GC heap before
{Heap before GC invocations=11 (full 0):
 garbage-first heap   total 155648K, used 125564K [0x0000000080000000, 0x0000000100000000)
  region size 1024K, 91 young (93184K), 9 survivors (9216K)
 Metaspace       used 50719K, capacity 52137K, committed 52428K, reserved 1095680K
  class space    used 6461K, capacity 6978K, committed 7116K, reserved 1048576K
}
Event: 6.938 GC heap after
{Heap after GC invocations=12 (full 0):
 garbage-first heap   total 155648K, used 51995K [0x0000000080000000, 0x0000000100000000)
  region size 1024K, 12 young (12288K), 12 survivors (12288K)
 Metaspace       used 50719K, capacity 52137K, committed 52428K, reserved 1095680K
  class space    used 6461K, capacity 6978K, committed 7116K, reserved 1048576K
}
Event: 7.711 GC heap before
{Heap before GC invocations=12 (full 0):
 garbage-first heap   total 155648K, used 105243K [0x0000000080000000, 0x0000000100000000)
  region size 1024K, 65 young (66560K), 12 survivors (12288K)
 Metaspace       used 58594K, capacity 60127K, committed 60288K, reserved 1101824K
  class space    used 7455K, capacity 8017K, committed 8140K, reserved 1048576K
}
Event: 7.734 GC heap after
{Heap after GC invocations=13 (full 0):
 garbage-first heap   total 155648K, used 55443K [0x0000000080000000, 0x0000000100000000)
  region size 1024K, 3 young (3072K), 3 survivors (3072K)
 Metaspace       used 58594K, capacity 60127K, committed 60288K, reserved 1101824K
  class space    used 7455K, capacity 8017K, committed 8140K, reserved 1048576K
}
Event: 8.457 GC heap before
{Heap before GC invocations=14 (full 0):
 garbage-first heap   total 155648K, used 114835K [0x0000000080000000, 0x0000000100000000)
  region size 1024K, 61 young (62464K), 3 survivors (3072K)
 Metaspace       used 64187K, capacity 65862K, committed 66048K, reserved 1105920K
  class space    used 8136K, capacity 8721K, committed 8780K, reserved 1048576K
}
Event: 8.464 GC heap after
{Heap after GC invocations=15 (full 0):
 garbage-first heap   total 187392K, used 60469K [0x0000000080000000, 0x0000000100000000)
  region size 1024K, 8 young (8192K), 8 survivors (8192K)
 Metaspace       used 64187K, capacity 65862K, committed 66048K, reserved 1105920K
  class space    used 8136K, capacity 8721K, committed 8780K, reserved 1048576K
}
Event: 9.202 GC heap before
{Heap before GC invocations=15 (full 0):
 garbage-first heap   total 187392K, used 132149K [0x0000000080000000, 0x0000000100000000)
  region size 1024K, 78 young (79872K), 8 survivors (8192K)
 Metaspace       used 67371K, capacity 69096K, committed 69376K, reserved 1110016K
  class space    used 8539K, capacity 9175K, committed 9292K, reserved 1048576K
}
Event: 9.220 GC heap after
{Heap after GC invocations=16 (full 0):
 garbage-first heap   total 187392K, used 64753K [0x0000000080000000, 0x0000000100000000)
  region size 1024K, 6 young (6144K), 6 survivors (6144K)
 Metaspace       used 67371K, capacity 69096K, committed 69376K, reserved 1110016K
  class space    used 8539K, capacity 9175K, committed 9292K, reserved 1048576K
}
Event: 10.303 GC heap before
{Heap before GC invocations=16 (full 0):
 garbage-first heap   total 187392K, used 136433K [0x0000000080000000, 0x0000000100000000)
  region size 1024K, 76 young (77824K), 6 survivors (6144K)
 Metaspace       used 74709K, capacity 76411K, committed 76672K, reserved 1116160K
  class space    used 9673K, capacity 10325K, committed 10444K, reserved 1048576K
}
Event: 10.311 GC heap after
{Heap after GC invocations=17 (full 0):
 garbage-first heap   total 187392K, used 69428K [0x0000000080000000, 0x0000000100000000)
  region size 1024K, 5 young (5120K), 5 survivors (5120K)
 Metaspace       used 74709K, capacity 76411K, committed 76672K, reserved 1116160K
  class space    used 9673K, capacity 10325K, committed 10444K, reserved 1048576K
}
Event: 11.436 GC heap before
{Heap before GC invocations=17 (full 0):
 garbage-first heap   total 187392K, used 140084K [0x0000000080000000, 0x0000000100000000)
  region size 1024K, 74 young (75776K), 5 survivors (5120K)
 Metaspace       used 81303K, capacity 83272K, committed 83456K, reserved 1122304K
  class space    used 10562K, capacity 11308K, committed 11340K, reserved 1048576K
}
Event: 11.445 GC heap after
{Heap after GC invocations=18 (full 0):
 garbage-first heap   total 187392K, used 74539K [0x0000000080000000, 0x0000000100000000)
  region size 1024K, 10 young (10240K), 10 survivors (10240K)
 Metaspace       used 81303K, capacity 83272K, committed 83456K, reserved 1122304K
  class space    used 10562K, capacity 11308K, committed 11340K, reserved 1048576K
}

