# JRE version: OpenJDK Runtime Environment (11.0.12+7) (build 11.0.12+7-b1504.28-7817840)
# Java VM: OpenJDK 64-Bit Server VM (11.0.12+7-b1504.28-7817840, mixed mode, tiered, compressed oops, g1 gc, windows-amd64)
Heap:
 garbage-first heap   total 233472K, used 154483K [0x0000000742000000, 0x0000000800000000)
  region size 1024K, 7 young (7168K), 5 survivors (5120K)
 Metaspace       used 75084K, capacity 76407K, committed 76632K, reserved 1118208K
  class space    used 8097K, capacity 8547K, committed 8576K, reserved 1048576K
GC Heap History (20 events):
Event: 44.120 GC heap before
{Heap before GC invocations=16 (full 0):
 garbage-first heap   total 233472K, used 168289K [0x0000000742000000, 0x0000000800000000)
  region size 1024K, 66 young (67584K), 3 survivors (3072K)
 Metaspace       used 67240K, capacity 68106K, committed 68184K, reserved 1110016K
  class space    used 7404K, capacity 7749K, committed 7808K, reserved 1048576K
}
Event: 44.133 GC heap after
{Heap after GC invocations=17 (full 0):
 garbage-first heap   total 233472K, used 105687K [0x0000000742000000, 0x0000000800000000)
  region size 1024K, 5 young (5120K), 5 survivors (5120K)
 Metaspace       used 67240K, capacity 68106K, committed 68184K, reserved 1110016K
  class space    used 7404K, capacity 7749K, committed 7808K, reserved 1048576K
}
Event: 51.010 GC heap before
{Heap before GC invocations=17 (full 0):
 garbage-first heap   total 233472K, used 172247K [0x0000000742000000, 0x0000000800000000)
  region size 1024K, 70 young (71680K), 5 survivors (5120K)
 Metaspace       used 70742K, capacity 71621K, committed 71768K, reserved 1114112K
  class space    used 7677K, capacity 8012K, committed 8064K, reserved 1048576K
}
Event: 51.034 GC heap after
{Heap after GC invocations=18 (full 0):
 garbage-first heap   total 233472K, used 112067K [0x0000000742000000, 0x0000000800000000)
  region size 1024K, 9 young (9216K), 9 survivors (9216K)
 Metaspace       used 70742K, capacity 71621K, committed 71768K, reserved 1114112K
  class space    used 7677K, capacity 8012K, committed 8064K, reserved 1048576K
}
Event: 57.525 GC heap before
{Heap before GC invocations=18 (full 0):
 garbage-first heap   total 233472K, used 177603K [0x0000000742000000, 0x0000000800000000)
  region size 1024K, 73 young (74752K), 9 survivors (9216K)
 Metaspace       used 72170K, capacity 73104K, committed 73176K, reserved 1114112K
  class space    used 7795K, capacity 8158K, committed 8192K, reserved 1048576K
}
Event: 57.560 GC heap after
{Heap after GC invocations=19 (full 0):
 garbage-first heap   total 233472K, used 121584K [0x0000000742000000, 0x0000000800000000)
  region size 1024K, 9 young (9216K), 9 survivors (9216K)
 Metaspace       used 72170K, capacity 73104K, committed 73176K, reserved 1114112K
  class space    used 7795K, capacity 8158K, committed 8192K, reserved 1048576K
}
Event: 57.702 GC heap before
{Heap before GC invocations=19 (full 0):
 garbage-first heap   total 233472K, used 122608K [0x0000000742000000, 0x0000000800000000)
  region size 1024K, 11 young (11264K), 9 survivors (9216K)
 Metaspace       used 72179K, capacity 73104K, committed 73176K, reserved 1114112K
  class space    used 7795K, capacity 8158K, committed 8192K, reserved 1048576K
}
Event: 57.719 GC heap after
{Heap after GC invocations=20 (full 0):
 garbage-first heap   total 233472K, used 123305K [0x0000000742000000, 0x0000000800000000)
  region size 1024K, 2 young (2048K), 2 survivors (2048K)
 Metaspace       used 72179K, capacity 73104K, committed 73176K, reserved 1114112K
  class space    used 7795K, capacity 8158K, committed 8192K, reserved 1048576K
}
Event: 61.739 GC heap before
{Heap before GC invocations=21 (full 0):
 garbage-first heap   total 233472K, used 168361K [0x0000000742000000, 0x0000000800000000)
  region size 1024K, 45 young (46080K), 2 survivors (2048K)
 Metaspace       used 72640K, capacity 73543K, committed 73816K, reserved 1114112K
  class space    used 7829K, capacity 8196K, committed 8320K, reserved 1048576K
}
Event: 61.751 GC heap after
{Heap after GC invocations=22 (full 0):
 garbage-first heap   total 233472K, used 127765K [0x0000000742000000, 0x0000000800000000)
  region size 1024K, 6 young (6144K), 6 survivors (6144K)
 Metaspace       used 72640K, capacity 73543K, committed 73816K, reserved 1114112K
  class space    used 7829K, capacity 8196K, committed 8320K, reserved 1048576K
}
Event: 65.190 GC heap before
{Heap before GC invocations=22 (full 0):
 garbage-first heap   total 233472K, used 173845K [0x0000000742000000, 0x0000000800000000)
  region size 1024K, 51 young (52224K), 6 survivors (6144K)
 Metaspace       used 72950K, capacity 73892K, committed 74072K, reserved 1116160K
  class space    used 7842K, capacity 8205K, committed 8320K, reserved 1048576K
}
Event: 65.214 GC heap after
{Heap after GC invocations=23 (full 0):
 garbage-first heap   total 233472K, used 134659K [0x0000000742000000, 0x0000000800000000)
  region size 1024K, 7 young (7168K), 7 survivors (7168K)
 Metaspace       used 72950K, capacity 73892K, committed 74072K, reserved 1116160K
  class space    used 7842K, capacity 8205K, committed 8320K, reserved 1048576K
}
Event: 69.461 GC heap before
{Heap before GC invocations=24 (full 0):
 garbage-first heap   total 233472K, used 178691K [0x0000000742000000, 0x0000000800000000)
  region size 1024K, 50 young (51200K), 7 survivors (7168K)
 Metaspace       used 73373K, capacity 74336K, committed 74584K, reserved 1116160K
  class space    used 7867K, capacity 8242K, committed 8320K, reserved 1048576K
}
Event: 69.486 GC heap after
{Heap after GC invocations=25 (full 0):
 garbage-first heap   total 233472K, used 139500K [0x0000000742000000, 0x0000000800000000)
  region size 1024K, 5 young (5120K), 5 survivors (5120K)
 Metaspace       used 73373K, capacity 74336K, committed 74584K, reserved 1116160K
  class space    used 7867K, capacity 8242K, committed 8320K, reserved 1048576K
}
Event: 74.926 GC heap before
{Heap before GC invocations=25 (full 0):
 garbage-first heap   total 233472K, used 183532K [0x0000000742000000, 0x0000000800000000)
  region size 1024K, 48 young (49152K), 5 survivors (5120K)
 Metaspace       used 74036K, capacity 74992K, committed 75224K, reserved 1116160K
  class space    used 7998K, capacity 8376K, committed 8448K, reserved 1048576K
}
Event: 74.953 GC heap after
{Heap after GC invocations=26 (full 0):
 garbage-first heap   total 233472K, used 144106K [0x0000000742000000, 0x0000000800000000)
  region size 1024K, 5 young (5120K), 5 survivors (5120K)
 Metaspace       used 74036K, capacity 74992K, committed 75224K, reserved 1116160K
  class space    used 7998K, capacity 8376K, committed 8448K, reserved 1048576K
}
Event: 80.640 GC heap before
{Heap before GC invocations=27 (full 0):
 garbage-first heap   total 233472K, used 187114K [0x0000000742000000, 0x0000000800000000)
  region size 1024K, 47 young (48128K), 5 survivors (5120K)
 Metaspace       used 74236K, capacity 75197K, committed 75480K, reserved 1116160K
  class space    used 8001K, capacity 8378K, committed 8448K, reserved 1048576K
}
Event: 80.659 GC heap after
{Heap after GC invocations=28 (full 0):
 garbage-first heap   total 233472K, used 148558K [0x0000000742000000, 0x0000000800000000)
  region size 1024K, 5 young (5120K), 5 survivors (5120K)
 Metaspace       used 74236K, capacity 75197K, committed 75480K, reserved 1116160K
  class space    used 8001K, capacity 8378K, committed 8448K, reserved 1048576K
}
Event: 83.730 GC heap before
{Heap before GC invocations=28 (full 0):
 garbage-first heap   total 233472K, used 190542K [0x0000000742000000, 0x0000000800000000)
  region size 1024K, 46 young (47104K), 5 survivors (5120K)
 Metaspace       used 75072K, capacity 76407K, committed 76632K, reserved 1118208K
  class space    used 8097K, capacity 8547K, committed 8576K, reserved 1048576K
}
Event: 83.748 GC heap after
{Heap after GC invocations=29 (full 0):
 garbage-first heap   total 233472K, used 153459K [0x0000000742000000, 0x0000000800000000)
  region size 1024K, 5 young (5120K), 5 survivors (5120K)
 Metaspace       used 75072K, capacity 76407K, committed 76632K, reserved 1118208K
  class space    used 8097K, capacity 8547K, committed 8576K, reserved 1048576K
}

