# JRE version: OpenJDK Runtime Environment (11.0.12+7) (build 11.0.12+7-b1504.28-7817840)
# Java VM: OpenJDK 64-Bit Server VM (11.0.12+7-b1504.28-7817840, mixed mode, tiered, compressed oops, g1 gc, windows-amd64)
Heap:
 garbage-first heap   total 155648K, used 50176K [0x0000000080000000, 0x0000000100000000)
  region size 1024K, 9 young (9216K), 9 survivors (9216K)
 Metaspace       used 48353K, capacity 49723K, committed 49920K, reserved 1093632K
  class space    used 6168K, capacity 6653K, committed 6656K, reserved 1048576K
GC Heap History (15 events):
Event: 0.897 GC heap before
{Heap before GC invocations=0 (full 0):
 garbage-first heap   total 129024K, used 29696K [0x0000000080000000, 0x0000000100000000)
  region size 1024K, 24 young (24576K), 0 survivors (0K)
 Metaspace       used 10249K, capacity 10491K, committed 10624K, reserved 1058816K
  class space    used 1073K, capacity 1141K, committed 1152K, reserved 1048576K
}
Event: 0.903 GC heap after
{Heap after GC invocations=1 (full 0):
 garbage-first heap   total 129024K, used 9411K [0x0000000080000000, 0x0000000100000000)
  region size 1024K, 3 young (3072K), 3 survivors (3072K)
 Metaspace       used 10249K, capacity 10491K, committed 10624K, reserved 1058816K
  class space    used 1073K, capacity 1141K, committed 1152K, reserved 1048576K
}
Event: 2.627 GC heap before
{Heap before GC invocations=1 (full 0):
 garbage-first heap   total 129024K, used 83139K [0x0000000080000000, 0x0000000100000000)
  region size 1024K, 75 young (76800K), 3 survivors (3072K)
 Metaspace       used 17599K, capacity 17992K, committed 18176K, reserved 1064960K
  class space    used 2085K, capacity 2219K, committed 2304K, reserved 1048576K
}
Event: 2.634 GC heap after
{Heap after GC invocations=2 (full 0):
 garbage-first heap   total 129024K, used 15799K [0x0000000080000000, 0x0000000100000000)
  region size 1024K, 10 young (10240K), 10 survivors (10240K)
 Metaspace       used 17599K, capacity 17992K, committed 18176K, reserved 1064960K
  class space    used 2085K, capacity 2219K, committed 2304K, reserved 1048576K
}
Event: 2.949 GC heap before
{Heap before GC invocations=2 (full 0):
 garbage-first heap   total 129024K, used 41399K [0x0000000080000000, 0x0000000100000000)
  region size 1024K, 36 young (36864K), 10 survivors (10240K)
 Metaspace       used 20680K, capacity 21081K, committed 21248K, reserved 1067008K
  class space    used 2545K, capacity 2695K, committed 2816K, reserved 1048576K
}
Event: 2.957 GC heap after
{Heap after GC invocations=3 (full 0):
 garbage-first heap   total 129024K, used 16846K [0x0000000080000000, 0x0000000100000000)
  region size 1024K, 2 young (2048K), 2 survivors (2048K)
 Metaspace       used 20680K, capacity 21081K, committed 21248K, reserved 1067008K
  class space    used 2545K, capacity 2695K, committed 2816K, reserved 1048576K
}
Event: 3.664 GC heap before
{Heap before GC invocations=4 (full 0):
 garbage-first heap   total 129024K, used 82382K [0x0000000080000000, 0x0000000100000000)
  region size 1024K, 66 young (67584K), 2 survivors (2048K)
 Metaspace       used 26822K, capacity 27377K, committed 27648K, reserved 1073152K
  class space    used 3539K, capacity 3739K, committed 3840K, reserved 1048576K
}
Event: 3.668 GC heap after
{Heap after GC invocations=5 (full 0):
 garbage-first heap   total 129024K, used 19024K [0x0000000080000000, 0x0000000100000000)
  region size 1024K, 4 young (4096K), 4 survivors (4096K)
 Metaspace       used 26822K, capacity 27377K, committed 27648K, reserved 1073152K
  class space    used 3539K, capacity 3739K, committed 3840K, reserved 1048576K
}
Event: 4.402 GC heap before
{Heap before GC invocations=5 (full 0):
 garbage-first heap   total 129024K, used 66128K [0x0000000080000000, 0x0000000100000000)
  region size 1024K, 51 young (52224K), 4 survivors (4096K)
 Metaspace       used 35028K, capacity 35786K, committed 35840K, reserved 1081344K
  class space    used 4560K, capacity 4863K, committed 4864K, reserved 1048576K
}
Event: 4.409 GC heap after
{Heap after GC invocations=6 (full 0):
 garbage-first heap   total 129024K, used 22270K [0x0000000080000000, 0x0000000100000000)
  region size 1024K, 7 young (7168K), 7 survivors (7168K)
 Metaspace       used 35028K, capacity 35786K, committed 35840K, reserved 1081344K
  class space    used 4560K, capacity 4863K, committed 4864K, reserved 1048576K
}
Event: 5.055 GC heap before
{Heap before GC invocations=7 (full 0):
 garbage-first heap   total 129024K, used 93950K [0x0000000080000000, 0x0000000100000000)
  region size 1024K, 75 young (76800K), 7 survivors (7168K)
 Metaspace       used 40049K, capacity 40992K, committed 41088K, reserved 1085440K
  class space    used 5129K, capacity 5465K, committed 5504K, reserved 1048576K
}
Event: 5.066 GC heap after
{Heap after GC invocations=8 (full 0):
 garbage-first heap   total 129024K, used 27782K [0x0000000080000000, 0x0000000100000000)
  region size 1024K, 9 young (9216K), 9 survivors (9216K)
 Metaspace       used 40049K, capacity 40992K, committed 41088K, reserved 1085440K
  class space    used 5129K, capacity 5465K, committed 5504K, reserved 1048576K
}
Event: 6.189 GC heap before
{Heap before GC invocations=8 (full 0):
 garbage-first heap   total 129024K, used 96390K [0x0000000080000000, 0x0000000100000000)
  region size 1024K, 75 young (76800K), 9 survivors (9216K)
 Metaspace       used 46066K, capacity 47340K, committed 47488K, reserved 1089536K
  class space    used 5925K, capacity 6401K, committed 6528K, reserved 1048576K
}
Event: 6.197 GC heap after
{Heap after GC invocations=9 (full 0):
 garbage-first heap   total 129024K, used 30094K [0x0000000080000000, 0x0000000100000000)
  region size 1024K, 4 young (4096K), 4 survivors (4096K)
 Metaspace       used 46066K, capacity 47340K, committed 47488K, reserved 1089536K
  class space    used 5925K, capacity 6401K, committed 6528K, reserved 1048576K
}
Event: 7.595 GC heap before
{Heap before GC invocations=9 (full 0):
 garbage-first heap   total 129024K, used 105870K [0x0000000080000000, 0x0000000100000000)
  region size 1024K, 70 young (71680K), 4 survivors (4096K)
 Metaspace       used 48353K, capacity 49723K, committed 49920K, reserved 1093632K
  class space    used 6168K, capacity 6653K, committed 6656K, reserved 1048576K
}

